[2026-03-27 16:30:01] 无转折点信号，跳过发送
[2026-03-27 17:00:02] 无转折点信号，跳过发送
[2026-03-27 17:30:01] 无转折点信号，跳过发送
[2026-03-27 18:00:01] 无转折点信号，跳过发送
[2026-03-27 18:30:02] 无转折点信号，跳过发送
[2026-03-27 19:00:01] 无转折点信号，跳过发送
[2026-03-27 19:30:01] 无转折点信号，跳过发送
[2026-03-27 20:00:01] 无转折点信号，跳过发送
[2026-03-27 20:30:01] 无转折点信号，跳过发送
[2026-03-27 21:00:01] 无转折点信号，跳过发送
[2026-03-27 21:30:01] 无转折点信号，跳过发送
[2026-03-27 22:00:01] 无转折点信号，跳过发送
[2026-03-27 22:30:01] 无转折点信号，跳过发送
[2026-03-27 23:00:01] 无转折点信号，跳过发送
[2026-03-27 23:30:01] 无转折点信号，跳过发送
[2026-03-28 08:00:01] 无转折点信号，跳过发送
/root/.openclaw/workspace/run_gold_monitor.sh: line 19: openclaw: command not found
[2026-03-28 08:00:01] 已发送金价提醒到飞书
[2026-03-28 08:30:01] 无转折点信号，跳过发送
[2026-03-28 09:00:01] 无转折点信号，跳过发送
[2026-03-28 09:30:01] 无转折点信号，跳过发送
[2026-03-28 10:00:01] 无转折点信号，跳过发送
[2026-03-28 10:30:01] 无转折点信号，跳过发送
[2026-03-28 11:00:01] 无转折点信号，跳过发送
[2026-03-28 11:30:01] 无转折点信号，跳过发送
[2026-03-28 12:00:01] 无转折点信号，跳过发送
[2026-03-28 12:30:01] 无转折点信号，跳过发送
[2026-03-28 13:00:01] 无转折点信号，跳过发送
[2026-03-28 13:30:01] 无转折点信号，跳过发送
[2026-03-28 14:00:01] 无转折点信号，跳过发送
[2026-03-28 14:30:01] 无转折点信号，跳过发送
[2026-03-28 15:00:01] 无转折点信号，跳过发送
[2026-03-28 15:30:02] 无转折点信号，跳过发送
[2026-03-28 16:00:01] 无转折点信号，跳过发送
[2026-03-28 16:30:02] 无转折点信号，跳过发送
[2026-03-28 17:00:01] 无转折点信号，跳过发送
[2026-03-28 17:30:01] 无转折点信号，跳过发送
[2026-03-28 18:00:01] 无转折点信号，跳过发送
[2026-03-28 18:30:01] 无转折点信号，跳过发送
[2026-03-28 19:00:01] 无转折点信号，跳过发送
[2026-03-28 19:30:01] 无转折点信号，跳过发送
[2026-03-28 20:00:01] 无转折点信号，跳过发送
[2026-03-28 20:30:01] 无转折点信号，跳过发送
[2026-03-28 21:00:01] 无转折点信号，跳过发送
[2026-03-28 21:30:01] 无转折点信号，跳过发送
[2026-03-28 22:00:01] 无转折点信号，跳过发送
[2026-03-28 22:30:01] 无转折点信号，跳过发送
[2026-03-28 23:00:01] 无转折点信号，跳过发送
[2026-03-28 23:30:02] 无转折点信号，跳过发送
[2026-03-29 08:00:01] 无转折点信号，跳过发送
error: required option '-t, --target <dest>' not specified
[2026-03-29 08:00:01] 已发送金价提醒到飞书
[2026-03-29 08:30:01] 无转折点信号，跳过发送
[2026-03-29 09:00:01] 无转折点信号，跳过发送
[2026-03-29 09:30:02] 无转折点信号，跳过发送
[2026-03-29 10:00:01] 无转折点信号，跳过发送
[2026-03-29 10:30:01] 无转折点信号，跳过发送
[2026-03-29 11:00:01] 无转折点信号，跳过发送
[2026-03-29 11:30:01] 无转折点信号，跳过发送
[2026-03-29 12:00:02] 无转折点信号，跳过发送
[2026-03-29 12:30:01] 无转折点信号，跳过发送
[2026-03-29 13:00:01] 无转折点信号，跳过发送
[2026-03-29 13:30:01] 无转折点信号，跳过发送
[2026-03-29 14:00:01] 无转折点信号，跳过发送
[2026-03-29 14:30:01] 无转折点信号，跳过发送
[2026-03-29 15:00:01] 无转折点信号，跳过发送
[2026-03-29 15:30:01] 无转折点信号，跳过发送
[2026-03-29 16:00:01] 无转折点信号，跳过发送
[2026-03-29 16:30:01] 无转折点信号，跳过发送
[2026-03-29 17:00:01] 无转折点信号，跳过发送
[2026-03-29 17:30:01] 无转折点信号，跳过发送
[2026-03-29 18:00:01] 无转折点信号，跳过发送
[2026-03-29 18:30:01] 无转折点信号，跳过发送
[2026-03-29 19:00:01] 无转折点信号，跳过发送
[2026-03-29 19:30:02] 无转折点信号，跳过发送
[2026-03-29 20:00:01] 无转折点信号，跳过发送
[2026-03-29 20:30:01] 无转折点信号，跳过发送
[2026-03-29 21:00:01] 无转折点信号，跳过发送
[2026-03-29 21:30:01] 无转折点信号，跳过发送
[2026-03-29 22:00:01] 无转折点信号，跳过发送
[2026-03-29 22:30:01] 无转折点信号，跳过发送
[2026-03-29 23:00:01] 无转折点信号，跳过发送
[2026-03-29 23:30:01] 无转折点信号，跳过发送
[2026-03-30 08:00:01] 无转折点信号，跳过发送
error: required option '-t, --target <dest>' not specified
[2026-03-30 08:00:01] 已发送金价提醒到飞书
[2026-03-30 08:30:02] 无转折点信号，跳过发送
[2026-03-30 09:00:01] 无转折点信号，跳过发送
[2026-03-30 09:30:01] 无转折点信号，跳过发送
[2026-03-30 10:00:01] 无转折点信号，跳过发送
[2026-03-30 10:30:01] 无转折点信号，跳过发送
[2026-03-30 11:00:01] 无转折点信号，跳过发送
[2026-03-30 11:30:01] 无转折点信号，跳过发送
[2026-03-30 12:00:01] 无转折点信号，跳过发送
[2026-03-30 12:30:01] 无转折点信号，跳过发送
[2026-03-30 13:00:01] 无转折点信号，跳过发送
[2026-03-30 13:30:01] 无转折点信号，跳过发送
[2026-03-30 14:00:01] 无转折点信号，跳过发送
[2026-03-30 14:30:01] 无转折点信号，跳过发送
[2026-03-30 15:00:01] 无转折点信号，跳过发送
[2026-03-30 15:30:01] 无转折点信号，跳过发送
[2026-03-30 16:00:01] 无转折点信号，跳过发送
[2026-03-30 16:30:01] 无转折点信号，跳过发送
[2026-03-30 17:00:02] 无转折点信号，跳过发送
[2026-03-30 17:30:01] 无转折点信号，跳过发送
[2026-03-30 18:00:01] 无转折点信号，跳过发送
[2026-03-30 18:30:01] 无转折点信号，跳过发送
[2026-03-30 19:00:01] 无转折点信号，跳过发送
[2026-03-30 19:30:01] 无转折点信号，跳过发送
[2026-03-30 20:00:01] 无转折点信号，跳过发送
[2026-03-30 20:30:01] 无转折点信号，跳过发送
[2026-03-30 21:00:01] 无转折点信号，跳过发送
[2026-03-30 21:30:01] 无转折点信号，跳过发送
[2026-03-30 22:00:01] 无转折点信号，跳过发送
[2026-03-30 22:30:01] 无转折点信号，跳过发送
[2026-03-30 23:00:01] 无转折点信号，跳过发送
[2026-03-30 23:30:01] 无转折点信号，跳过发送
[2026-03-31 08:00:02] 无转折点信号，跳过发送
[plugins] plugins.allow is empty; discovered non-bundled plugins may auto-load: adp-openclaw (/root/.openclaw/extensions/adp-openclaw/index.ts), ddingtalk (/root/.openclaw/extensions/ddingtalk/index.ts), openclaw-plugin-yuanbao (/root/.openclaw/extensions/openclaw-plugin-yuanbao/dist/index.js), openclaw-qqbot (/root/.openclaw/extensions/openclaw-qqbot/index.ts), openclaw-weixin (/root/.openclaw/extensions/openclaw-weixin/index.ts), wecom (/root/.openclaw/extensions/wecom/index.ts). Set plugins.allow to explicit trusted ids.
[plugins] feishu_doc: Registered feishu_doc, feishu_app_scopes
[plugins] feishu_chat: Registered feishu_chat tool
[plugins] feishu_wiki: Registered feishu_wiki tool
[plugins] feishu_drive: Registered feishu_drive tool
[plugins] feishu_bitable: Registered bitable tools
[adp-openclaw] register() called - starting plugin registration
[plugins] [adp-openclaw] Plugin register() called
[adp-openclaw] Registering tool factory: adp_upload_file
[plugins] [adp-openclaw] Registering tool factory: adp_upload_file
[adp-openclaw] Tool adp_upload_file registered successfully
[plugins] [adp-openclaw] Tool adp_upload_file registered successfully
[adp-openclaw] Plugin registration complete
[plugins] [adp-openclaw] Plugin registration complete
Error: Channel is required when multiple channels are configured: feishu, wecom
[2026-03-31 08:00:02] 已发送金价提醒到飞书
[2026-03-31 08:30:01] 无转折点信号，跳过发送
[2026-03-31 09:00:02] 无转折点信号，跳过发送
[2026-03-31 09:30:01] 无转折点信号，跳过发送
[2026-03-31 10:00:01] 无转折点信号，跳过发送
[2026-03-31 10:30:01] 无转折点信号，跳过发送
[2026-03-31 11:00:01] 无转折点信号，跳过发送
[2026-03-31 11:30:01] 无转折点信号，跳过发送
[2026-03-31 12:00:01] 无转折点信号，跳过发送
[2026-03-31 12:30:01] 无转折点信号，跳过发送
[2026-03-31 13:00:01] 无转折点信号，跳过发送
[2026-03-31 13:30:01] 无转折点信号，跳过发送
[2026-03-31 14:00:01] 无转折点信号，跳过发送
[2026-03-31 14:30:01] 无转折点信号，跳过发送
[2026-03-31 15:00:01] 无转折点信号，跳过发送
[2026-03-31 15:30:01] 无转折点信号，跳过发送
[2026-03-31 16:00:01] 无转折点信号，跳过发送
[2026-03-31 16:30:01] 无转折点信号，跳过发送
[2026-03-31 17:00:01] 无转折点信号，跳过发送
[2026-03-31 17:30:01] 无转折点信号，跳过发送
[2026-03-31 18:00:02] 无转折点信号，跳过发送
[2026-03-31 18:30:01] 无转折点信号，跳过发送
[2026-03-31 19:00:01] 无转折点信号，跳过发送
[2026-03-31 19:30:01] 无转折点信号，跳过发送
